#
# There is insufficient memory for the Java Runtime Environment to continue.
# Native memory allocation (malloc) failed to allocate 1842416 bytes for Chunk::new
# Possible reasons:
#   The system is out of physical RAM or swap space
#   The process is running with CompressedOops enabled, and the Java Heap may be blocking the growth of the native heap
# Possible solutions:
#   Reduce memory load on the system
#   Increase physical memory or swap space
#   Check if swap backing store is full
#   Decrease Java heap size (-Xmx/-Xms)
#   Decrease number of Java threads
#   Decrease Java thread stack sizes (-Xss)
#   Set larger code cache with -XX:ReservedCodeCacheSize=
#   JVM is running with Unscaled Compressed Oops mode in which the Java heap is
#     placed in the first 4GB address space. The Java Heap base address is the
#     maximum limit for the native heap growth. Please use -XX:HeapBaseMinAddress
#     to set the Java Heap base and to place the Java Heap above 4GB virtual address.
# This output file may be truncated or incomplete.
#
#  Out of Memory Error (./src/hotspot/share/memory/arena.cpp:197), pid=50812, tid=51840
#
# JRE version: OpenJDK Runtime Environment (11.0.12+7) (build 11.0.12+7-b1504.28-7817840)
# Java VM: OpenJDK 64-Bit Server VM (11.0.12+7-b1504.28-7817840, mixed mode, tiered, compressed oops, g1 gc, windows-amd64)
# No core dump will be written. Minidumps are not enabled by default on client versions of Windows
#

---------------  S U M M A R Y ------------

Command Line: --add-opens=java.base/java.util=ALL-UNNAMED --add-opens=java.base/java.lang=ALL-UNNAMED --add-opens=java.base/java.lang.invoke=ALL-UNNAMED --add-opens=java.base/java.util=ALL-UNNAMED --add-opens=java.prefs/java.util.prefs=ALL-UNNAMED --add-opens=java.prefs/java.util.prefs=ALL-UNNAMED --add-opens=java.base/java.nio.charset=ALL-UNNAMED --add-opens=java.base/java.net=ALL-UNNAMED --add-opens=java.base/java.util.concurrent.atomic=ALL-UNNAMED -Xmx2048m -Dfile.encoding=UTF-8 -Duser.country=CN -Duser.language=zh -Duser.variant org.gradle.launcher.daemon.bootstrap.GradleDaemon 7.3.3

Host: Intel(R) Core(TM) i7-10875H CPU @ 2.30GHz, 16 cores, 15G,  Windows 10 , 64 bit Build 19041 (10.0.19041.2251)
Time: Fri Nov 25 14:04:19 2022 中国标准时间 elapsed time: 4.254507 seconds (0d 0h 0m 4s)

---------------  T H R E A D  ---------------

Current thread (0x000001cf64293800):  JavaThread "C2 CompilerThread1" daemon [_thread_in_native, id=51840, stack(0x000000053aa00000,0x000000053ab00000)]


Current CompileTask:
C2:   4254 3513       4       java.lang.invoke.MethodType::makeImpl (108 bytes)

Stack: [0x000000053aa00000,0x000000053ab00000]
Native frames: (J=compiled Java code, j=interpreted, Vv=VM code, C=native code)
V  [jvm.dll+0x5fbcea]
V  [jvm.dll+0x731905]
V  [jvm.dll+0x732f1d]
V  [jvm.dll+0x7335d3]
V  [jvm.dll+0x247bf8]
V  [jvm.dll+0xc018c]
V  [jvm.dll+0xc06cc]
V  [jvm.dll+0x35b31d]
V  [jvm.dll+0x328803]
V  [jvm.dll+0x327cfa]
V  [jvm.dll+0x200602]
V  [jvm.dll+0x1ff794]
V  [jvm.dll+0x18868c]
V  [jvm.dll+0x20e0d7]
V  [jvm.dll+0x20c901]
V  [jvm.dll+0x6f9b7f]
V  [jvm.dll+0x6f26a5]
V  [jvm.dll+0x5fabf6]
C  [ucrtbase.dll+0x21bb2]
C  [KERNEL32.DLL+0x174b4]
C  [ntdll.dll+0x526a1]


---------------  P R O C E S S  ---------------

Threads class SMR info:
_java_thread_list=0x000001cf66d46180, length=36, elements={
0x000001cf461e5000, 0x000001cf61a69800, 0x000001cf61a6c800, 0x000001cf61ae1000,
0x000001cf61ae2000, 0x000001cf61ae3000, 0x000001cf61ae8000, 0x000001cf61ae9000,
0x000001cf61af4800, 0x000001cf61208000, 0x000001cf61c64800, 0x000001cf62e02000,
0x000001cf63cfb800, 0x000001cf63c4d000, 0x000001cf640f2800, 0x000001cf62cbf000,
0x000001cf63ec7800, 0x000001cf64438800, 0x000001cf647b6000, 0x000001cf64d9e800,
0x000001cf64e6c800, 0x000001cf649da000, 0x000001cf64477800, 0x000001cf64472000,
0x000001cf64475000, 0x000001cf64473800, 0x000001cf64293800, 0x000001cf64476000,
0x000001cf64477000, 0x000001cf64474800, 0x000001cf64478800, 0x000001cf64472800,
0x000001cf658f9800, 0x000001cf658f8000, 0x000001cf658fa800, 0x000001cf658fb800
}

Java Threads: ( => current thread )
  0x000001cf461e5000 JavaThread "main" [_thread_blocked, id=50044, stack(0x0000000537b00000,0x0000000537c00000)]
  0x000001cf61a69800 JavaThread "Reference Handler" daemon [_thread_blocked, id=55220, stack(0x0000000538200000,0x0000000538300000)]
  0x000001cf61a6c800 JavaThread "Finalizer" daemon [_thread_blocked, id=62268, stack(0x0000000538300000,0x0000000538400000)]
  0x000001cf61ae1000 JavaThread "Signal Dispatcher" daemon [_thread_blocked, id=55232, stack(0x0000000538400000,0x0000000538500000)]
  0x000001cf61ae2000 JavaThread "Attach Listener" daemon [_thread_blocked, id=51608, stack(0x0000000538500000,0x0000000538600000)]
  0x000001cf61ae3000 JavaThread "Service Thread" daemon [_thread_blocked, id=53004, stack(0x0000000538600000,0x0000000538700000)]
  0x000001cf61ae8000 JavaThread "C2 CompilerThread0" daemon [_thread_in_native, id=51972, stack(0x0000000538700000,0x0000000538800000)]
  0x000001cf61ae9000 JavaThread "C1 CompilerThread0" daemon [_thread_blocked, id=39504, stack(0x0000000538800000,0x0000000538900000)]
  0x000001cf61af4800 JavaThread "Sweeper thread" daemon [_thread_blocked, id=59048, stack(0x0000000538900000,0x0000000538a00000)]
  0x000001cf61208000 JavaThread "C1 CompilerThread1" daemon [_thread_blocked, id=59120, stack(0x0000000538a00000,0x0000000538b00000)]
  0x000001cf61c64800 JavaThread "Common-Cleaner" daemon [_thread_blocked, id=42244, stack(0x0000000538b00000,0x0000000538c00000)]
  0x000001cf62e02000 JavaThread "C1 CompilerThread2" daemon [_thread_blocked, id=60820, stack(0x0000000539400000,0x0000000539500000)]
  0x000001cf63cfb800 JavaThread "C1 CompilerThread3" daemon [_thread_blocked, id=51796, stack(0x0000000539500000,0x0000000539600000)]
  0x000001cf63c4d000 JavaThread "Daemon health stats" [_thread_blocked, id=51356, stack(0x0000000539600000,0x0000000539700000)]
  0x000001cf640f2800 JavaThread "Incoming local TCP Connector on port 62653" [_thread_in_native, id=62048, stack(0x0000000538d00000,0x0000000538e00000)]
  0x000001cf62cbf000 JavaThread "Daemon periodic checks" [_thread_blocked, id=61388, stack(0x0000000538e00000,0x0000000538f00000)]
  0x000001cf63ec7800 JavaThread "Daemon" [_thread_blocked, id=61780, stack(0x0000000539700000,0x0000000539800000)]
  0x000001cf64438800 JavaThread "Handler for socket connection from /127.0.0.1:62653 to /127.0.0.1:62654" [_thread_in_native, id=56356, stack(0x0000000539800000,0x0000000539900000)]
  0x000001cf647b6000 JavaThread "Cancel handler" [_thread_blocked, id=54288, stack(0x0000000539900000,0x0000000539a00000)]
  0x000001cf64d9e800 JavaThread "Daemon worker" [_thread_in_vm, id=49876, stack(0x0000000539a00000,0x0000000539b00000)]
  0x000001cf64e6c800 JavaThread "Asynchronous log dispatcher for DefaultDaemonConnection: socket connection from /127.0.0.1:62653 to /127.0.0.1:62654" [_thread_blocked, id=57108, stack(0x0000000539b00000,0x0000000539c00000)]
  0x000001cf649da000 JavaThread "Stdin handler" [_thread_blocked, id=37496, stack(0x0000000539c00000,0x0000000539d00000)]
  0x000001cf64477800 JavaThread "Daemon client event forwarder" [_thread_blocked, id=60780, stack(0x0000000539d00000,0x0000000539e00000)]
  0x000001cf64472000 JavaThread "Cache worker for journal cache (C:\Users\zengmz0221\.gradle\caches\journal-1)" [_thread_blocked, id=48980, stack(0x0000000539e00000,0x0000000539f00000)]
  0x000001cf64475000 JavaThread "File lock request listener" [_thread_in_native, id=47744, stack(0x0000000539f00000,0x000000053a000000)]
  0x000001cf64473800 JavaThread "Cache worker for file hash cache (C:\Users\zengmz0221\.gradle\caches\7.3.3\fileHashes)" [_thread_blocked, id=61772, stack(0x000000053a000000,0x000000053a100000)]
=>0x000001cf64293800 JavaThread "C2 CompilerThread1" daemon [_thread_in_native, id=51840, stack(0x000000053aa00000,0x000000053ab00000)]
  0x000001cf64476000 JavaThread "Cache worker for file hash cache (D:\AndroidTool\AndroidProject\MyBookManage\.gradle\7.3.3\fileHashes)" [_thread_blocked, id=28832, stack(0x000000053ab00000,0x000000053ac00000)]
  0x000001cf64477000 JavaThread "File watcher server" daemon [_thread_in_native, id=55188, stack(0x000000053ac00000,0x000000053ad00000)]
  0x000001cf64474800 JavaThread "File watcher consumer" daemon [_thread_blocked, id=61516, stack(0x000000053ad00000,0x000000053ae00000)]
  0x000001cf64478800 JavaThread "Cache worker for checksums cache (D:\AndroidTool\AndroidProject\MyBookManage\.gradle\7.3.3\checksums)" [_thread_blocked, id=55680, stack(0x000000053ae00000,0x000000053af00000)]
  0x000001cf64472800 JavaThread "Cache worker for cache directory md-supplier (C:\Users\zengmz0221\.gradle\caches\7.3.3\md-supplier)" [_thread_blocked, id=60412, stack(0x000000053af00000,0x000000053b000000)]
  0x000001cf658f9800 JavaThread "Cache worker for cache directory md-rule (C:\Users\zengmz0221\.gradle\caches\7.3.3\md-rule)" [_thread_blocked, id=57852, stack(0x000000053b000000,0x000000053b100000)]
  0x000001cf658f8000 JavaThread "Cache worker for execution history cache (C:\Users\zengmz0221\.gradle\caches\7.3.3\executionHistory)" [_thread_blocked, id=44368, stack(0x000000053b100000,0x000000053b200000)]
  0x000001cf658fa800 JavaThread "jar transforms" [_thread_blocked, id=61872, stack(0x000000053b200000,0x000000053b300000)]
  0x000001cf658fb800 JavaThread "Cache worker for file content cache (C:\Users\zengmz0221\.gradle\caches\7.3.3\fileContent)" [_thread_blocked, id=50504, stack(0x000000053b300000,0x000000053b400000)]

Other Threads:
  0x000001cf61a67000 VMThread "VM Thread" [stack: 0x0000000538100000,0x0000000538200000] [id=61804]
  0x000001cf61c99000 WatcherThread [stack: 0x0000000538c00000,0x0000000538d00000] [id=38380]
  0x000001cf461fe800 GCTaskThread "GC Thread#0" [stack: 0x0000000537c00000,0x0000000537d00000] [id=15720]
  0x000001cf62bde800 GCTaskThread "GC Thread#1" [stack: 0x0000000538f00000,0x0000000539000000] [id=27544]
  0x000001cf62a33000 GCTaskThread "GC Thread#2" [stack: 0x0000000539000000,0x0000000539100000] [id=39096]
  0x000001cf62b04800 GCTaskThread "GC Thread#3" [stack: 0x0000000539100000,0x0000000539200000] [id=6244]
  0x000001cf628fa800 GCTaskThread "GC Thread#4" [stack: 0x0000000539200000,0x0000000539300000] [id=59548]
  0x000001cf628fb800 GCTaskThread "GC Thread#5" [stack: 0x0000000539300000,0x0000000539400000] [id=60284]
  0x000001cf64080000 GCTaskThread "GC Thread#6" [stack: 0x000000053a100000,0x000000053a200000] [id=53524]
  0x000001cf64cb9000 GCTaskThread "GC Thread#7" [stack: 0x000000053a200000,0x000000053a300000] [id=61900]
  0x000001cf63cb6800 GCTaskThread "GC Thread#8" [stack: 0x000000053a300000,0x000000053a400000] [id=54004]
  0x000001cf63cb7000 GCTaskThread "GC Thread#9" [stack: 0x000000053a400000,0x000000053a500000] [id=51792]
  0x000001cf65433000 GCTaskThread "GC Thread#10" [stack: 0x000000053a500000,0x000000053a600000] [id=9556]
  0x000001cf6398f800 GCTaskThread "GC Thread#11" [stack: 0x000000053a600000,0x000000053a700000] [id=61360]
  0x000001cf63990000 GCTaskThread "GC Thread#12" [stack: 0x000000053a700000,0x000000053a800000] [id=61012]
  0x000001cf46231800 ConcurrentGCThread "G1 Main Marker" [stack: 0x0000000537d00000,0x0000000537e00000] [id=61888]
  0x000001cf46232800 ConcurrentGCThread "G1 Conc#0" [stack: 0x0000000537e00000,0x0000000537f00000] [id=49408]
  0x000001cf62cfb000 ConcurrentGCThread "G1 Conc#1" [stack: 0x000000053a800000,0x000000053a900000] [id=61424]
  0x000001cf64a60800 ConcurrentGCThread "G1 Conc#2" [stack: 0x000000053a900000,0x000000053aa00000] [id=47108]
  0x000001cf462bd800 ConcurrentGCThread "G1 Refine#0" [stack: 0x0000000537f00000,0x0000000538000000] [id=56408]
  0x000001cf610b6000 ConcurrentGCThread "G1 Young RemSet Sampling" [stack: 0x0000000538000000,0x0000000538100000] [id=59312]

Threads with active compile tasks:
C2 CompilerThread0   4289 3654       4       jdk.internal.org.objectweb.asm.Frame::execute (2264 bytes)
C2 CompilerThread1   4289 3513       4       java.lang.invoke.MethodType::makeImpl (108 bytes)

VM state:not at safepoint (normal execution)

VM Mutex/Monitor currently owned by a thread: None

Heap address: 0x0000000080000000, size: 2048 MB, Compressed Oops mode: 32-bit
Narrow klass base: 0x0000000000000000, Narrow klass shift: 3
Compressed class space size: 1073741824 Address: 0x0000000100000000

Heap:
 garbage-first heap   total 262144K, used 67483K [0x0000000080000000, 0x0000000100000000)
  region size 1024K, 49 young (50176K), 6 survivors (6144K)
 Metaspace       used 39215K, capacity 40107K, committed 40368K, reserved 1085440K
  class space    used 4970K, capacity 5316K, committed 5376K, reserved 1048576K
Heap Regions: E=young(eden), S=young(survivor), O=old, HS=humongous(starts), HC=humongous(continues), CS=collection set, F=free, A=archive, TAMS=top-at-mark-start (previous, next)
|   0|0x0000000080000000, 0x0000000080100000, 0x0000000080100000|100%| O|  |TAMS 0x0000000080100000, 0x0000000080000000| Untracked 
|   1|0x0000000080100000, 0x0000000080200000, 0x0000000080200000|100%| O|  |TAMS 0x0000000080200000, 0x0000000080100000| Untracked 
|   2|0x0000000080200000, 0x0000000080300000, 0x0000000080300000|100%| O|  |TAMS 0x0000000080300000, 0x0000000080200000| Untracked 
|   3|0x0000000080300000, 0x0000000080400000, 0x0000000080400000|100%|HS|  |TAMS 0x0000000080400000, 0x0000000080300000| Complete 
|   4|0x0000000080400000, 0x0000000080500000, 0x0000000080500000|100%|HC|  |TAMS 0x0000000080500000, 0x0000000080400000| Complete 
|   5|0x0000000080500000, 0x0000000080600000, 0x0000000080600000|100%|HC|  |TAMS 0x0000000080600000, 0x0000000080500000| Complete 
|   6|0x0000000080600000, 0x0000000080700000, 0x0000000080700000|100%| O|  |TAMS 0x0000000080700000, 0x0000000080600000| Untracked 
|   7|0x0000000080700000, 0x0000000080800000, 0x0000000080800000|100%| O|  |TAMS 0x0000000080800000, 0x0000000080700000| Untracked 
|   8|0x0000000080800000, 0x0000000080900000, 0x0000000080900000|100%| O|  |TAMS 0x0000000080900000, 0x0000000080800000| Untracked 
|   9|0x0000000080900000, 0x0000000080a00000, 0x0000000080a00000|100%| O|  |TAMS 0x0000000080a00000, 0x0000000080900000| Untracked 
|  10|0x0000000080a00000, 0x0000000080b00000, 0x0000000080b00000|100%| O|  |TAMS 0x0000000080b00000, 0x0000000080a00000| Untracked 
|  11|0x0000000080b00000, 0x0000000080c00000, 0x0000000080c00000|100%| O|  |TAMS 0x0000000080c00000, 0x0000000080b00000| Untracked 
|  12|0x0000000080c00000, 0x0000000080d00000, 0x0000000080d00000|100%| O|  |TAMS 0x0000000080d00000, 0x0000000080c00000| Untracked 
|  13|0x0000000080d00000, 0x0000000080e00000, 0x0000000080e00000|100%| O|  |TAMS 0x0000000080e00000, 0x0000000080d00000| Untracked 
|  14|0x0000000080e00000, 0x0000000080f00000, 0x0000000080f00000|100%| O|  |TAMS 0x0000000080f00000, 0x0000000080e00000| Untracked 
|  15|0x0000000080f00000, 0x0000000081000000, 0x0000000081000000|100%| O|  |TAMS 0x0000000081000000, 0x0000000080f00000| Untracked 
|  16|0x0000000081000000, 0x0000000081090a00, 0x0000000081100000| 56%| O|  |TAMS 0x0000000081090a00, 0x0000000081000000| Untracked 
|  17|0x0000000081100000, 0x0000000081200000, 0x0000000081200000|100%|HS|  |TAMS 0x0000000081100000, 0x0000000081100000| Complete 
|  18|0x0000000081200000, 0x0000000081300000, 0x0000000081300000|100%|HS|  |TAMS 0x0000000081200000, 0x0000000081200000| Complete 
|  19|0x0000000081300000, 0x0000000081400000, 0x0000000081400000|100%|HC|  |TAMS 0x0000000081300000, 0x0000000081300000| Complete 
|  20|0x0000000081400000, 0x0000000081400000, 0x0000000081500000|  0%| F|  |TAMS 0x0000000081400000, 0x0000000081400000| Untracked 
|  21|0x0000000081500000, 0x0000000081500000, 0x0000000081600000|  0%| F|  |TAMS 0x0000000081500000, 0x0000000081500000| Untracked 
|  22|0x0000000081600000, 0x0000000081600000, 0x0000000081700000|  0%| F|  |TAMS 0x0000000081600000, 0x0000000081600000| Untracked 
|  23|0x0000000081700000, 0x0000000081700000, 0x0000000081800000|  0%| F|  |TAMS 0x0000000081700000, 0x0000000081700000| Untracked 
|  24|0x0000000081800000, 0x0000000081800000, 0x0000000081900000|  0%| F|  |TAMS 0x0000000081800000, 0x0000000081800000| Untracked 
|  25|0x0000000081900000, 0x0000000081900000, 0x0000000081a00000|  0%| F|  |TAMS 0x0000000081900000, 0x0000000081900000| Untracked 
|  26|0x0000000081a00000, 0x0000000081a00000, 0x0000000081b00000|  0%| F|  |TAMS 0x0000000081a00000, 0x0000000081a00000| Untracked 
|  27|0x0000000081b00000, 0x0000000081b00000, 0x0000000081c00000|  0%| F|  |TAMS 0x0000000081b00000, 0x0000000081b00000| Untracked 
|  28|0x0000000081c00000, 0x0000000081c00000, 0x0000000081d00000|  0%| F|  |TAMS 0x0000000081c00000, 0x0000000081c00000| Untracked 
|  29|0x0000000081d00000, 0x0000000081d00000, 0x0000000081e00000|  0%| F|  |TAMS 0x0000000081d00000, 0x0000000081d00000| Untracked 
|  30|0x0000000081e00000, 0x0000000081e00000, 0x0000000081f00000|  0%| F|  |TAMS 0x0000000081e00000, 0x0000000081e00000| Untracked 
|  31|0x0000000081f00000, 0x0000000081f00000, 0x0000000082000000|  0%| F|  |TAMS 0x0000000081f00000, 0x0000000081f00000| Untracked 
|  32|0x0000000082000000, 0x0000000082000000, 0x0000000082100000|  0%| F|  |TAMS 0x0000000082000000, 0x0000000082000000| Untracked 
|  33|0x0000000082100000, 0x0000000082100000, 0x0000000082200000|  0%| F|  |TAMS 0x0000000082100000, 0x0000000082100000| Untracked 
|  34|0x0000000082200000, 0x0000000082200000, 0x0000000082300000|  0%| F|  |TAMS 0x0000000082200000, 0x0000000082200000| Untracked 
|  35|0x0000000082300000, 0x0000000082300000, 0x0000000082400000|  0%| F|  |TAMS 0x0000000082300000, 0x0000000082300000| Untracked 
|  36|0x0000000082400000, 0x0000000082400000, 0x0000000082500000|  0%| F|  |TAMS 0x0000000082400000, 0x0000000082400000| Untracked 
|  37|0x0000000082500000, 0x0000000082500000, 0x0000000082600000|  0%| F|  |TAMS 0x0000000082500000, 0x0000000082500000| Untracked 
|  38|0x0000000082600000, 0x0000000082600000, 0x0000000082700000|  0%| F|  |TAMS 0x0000000082600000, 0x0000000082600000| Untracked 
|  39|0x0000000082700000, 0x0000000082700000, 0x0000000082800000|  0%| F|  |TAMS 0x0000000082700000, 0x0000000082700000| Untracked 
|  40|0x0000000082800000, 0x0000000082800000, 0x0000000082900000|  0%| F|  |TAMS 0x0000000082800000, 0x0000000082800000| Untracked 
|  41|0x0000000082900000, 0x0000000082900000, 0x0000000082a00000|  0%| F|  |TAMS 0x0000000082900000, 0x0000000082900000| Untracked 
|  42|0x0000000082a00000, 0x0000000082a00000, 0x0000000082b00000|  0%| F|  |TAMS 0x0000000082a00000, 0x0000000082a00000| Untracked 
|  43|0x0000000082b00000, 0x0000000082b00000, 0x0000000082c00000|  0%| F|  |TAMS 0x0000000082b00000, 0x0000000082b00000| Untracked 
|  44|0x0000000082c00000, 0x0000000082c00000, 0x0000000082d00000|  0%| F|  |TAMS 0x0000000082c00000, 0x0000000082c00000| Untracked 
|  45|0x0000000082d00000, 0x0000000082d00000, 0x0000000082e00000|  0%| F|  |TAMS 0x0000000082d00000, 0x0000000082d00000| Untracked 
|  46|0x0000000082e00000, 0x0000000082e00000, 0x0000000082f00000|  0%| F|  |TAMS 0x0000000082e00000, 0x0000000082e00000| Untracked 
|  47|0x0000000082f00000, 0x0000000082f00000, 0x0000000083000000|  0%| F|  |TAMS 0x0000000082f00000, 0x0000000082f00000| Untracked 
|  48|0x0000000083000000, 0x0000000083000000, 0x0000000083100000|  0%| F|  |TAMS 0x0000000083000000, 0x0000000083000000| Untracked 
|  49|0x0000000083100000, 0x0000000083100000, 0x0000000083200000|  0%| F|  |TAMS 0x0000000083100000, 0x0000000083100000| Untracked 
|  50|0x0000000083200000, 0x0000000083200000, 0x0000000083300000|  0%| F|  |TAMS 0x0000000083200000, 0x0000000083200000| Untracked 
|  51|0x0000000083300000, 0x0000000083300000, 0x0000000083400000|  0%| F|  |TAMS 0x0000000083300000, 0x0000000083300000| Untracked 
|  52|0x0000000083400000, 0x0000000083400000, 0x0000000083500000|  0%| F|  |TAMS 0x0000000083400000, 0x0000000083400000| Untracked 
|  53|0x0000000083500000, 0x0000000083500000, 0x0000000083600000|  0%| F|  |TAMS 0x0000000083500000, 0x0000000083500000| Untracked 
|  54|0x0000000083600000, 0x0000000083600000, 0x0000000083700000|  0%| F|  |TAMS 0x0000000083600000, 0x0000000083600000| Untracked 
|  55|0x0000000083700000, 0x0000000083700000, 0x0000000083800000|  0%| F|  |TAMS 0x0000000083700000, 0x0000000083700000| Untracked 
|  56|0x0000000083800000, 0x0000000083800000, 0x0000000083900000|  0%| F|  |TAMS 0x0000000083800000, 0x0000000083800000| Untracked 
|  57|0x0000000083900000, 0x0000000083900000, 0x0000000083a00000|  0%| F|  |TAMS 0x0000000083900000, 0x0000000083900000| Untracked 
|  58|0x0000000083a00000, 0x0000000083a00000, 0x0000000083b00000|  0%| F|  |TAMS 0x0000000083a00000, 0x0000000083a00000| Untracked 
|  59|0x0000000083b00000, 0x0000000083b00000, 0x0000000083c00000|  0%| F|  |TAMS 0x0000000083b00000, 0x0000000083b00000| Untracked 
|  60|0x0000000083c00000, 0x0000000083c00000, 0x0000000083d00000|  0%| F|  |TAMS 0x0000000083c00000, 0x0000000083c00000| Untracked 
|  61|0x0000000083d00000, 0x0000000083d00000, 0x0000000083e00000|  0%| F|  |TAMS 0x0000000083d00000, 0x0000000083d00000| Untracked 
|  62|0x0000000083e00000, 0x0000000083e00000, 0x0000000083f00000|  0%| F|  |TAMS 0x0000000083e00000, 0x0000000083e00000| Untracked 
|  63|0x0000000083f00000, 0x0000000083f00000, 0x0000000084000000|  0%| F|  |TAMS 0x0000000083f00000, 0x0000000083f00000| Untracked 
|  64|0x0000000084000000, 0x0000000084000000, 0x0000000084100000|  0%| F|  |TAMS 0x0000000084000000, 0x0000000084000000| Untracked 
|  65|0x0000000084100000, 0x0000000084100000, 0x0000000084200000|  0%| F|  |TAMS 0x0000000084100000, 0x0000000084100000| Untracked 
|  66|0x0000000084200000, 0x0000000084200000, 0x0000000084300000|  0%| F|  |TAMS 0x0000000084200000, 0x0000000084200000| Untracked 
|  67|0x0000000084300000, 0x0000000084300000, 0x0000000084400000|  0%| F|  |TAMS 0x0000000084300000, 0x0000000084300000| Untracked 
|  68|0x0000000084400000, 0x0000000084400000, 0x0000000084500000|  0%| F|  |TAMS 0x0000000084400000, 0x0000000084400000| Untracked 
|  69|0x0000000084500000, 0x0000000084500000, 0x0000000084600000|  0%| F|  |TAMS 0x0000000084500000, 0x0000000084500000| Untracked 
|  70|0x0000000084600000, 0x0000000084600000, 0x0000000084700000|  0%| F|  |TAMS 0x0000000084600000, 0x0000000084600000| Untracked 
|  71|0x0000000084700000, 0x0000000084700000, 0x0000000084800000|  0%| F|  |TAMS 0x0000000084700000, 0x0000000084700000| Untracked 
|  72|0x0000000084800000, 0x0000000084800000, 0x0000000084900000|  0%| F|  |TAMS 0x0000000084800000, 0x0000000084800000| Untracked 
|  73|0x0000000084900000, 0x0000000084900000, 0x0000000084a00000|  0%| F|  |TAMS 0x0000000084900000, 0x0000000084900000| Untracked 
|  74|0x0000000084a00000, 0x0000000084a00000, 0x0000000084b00000|  0%| F|  |TAMS 0x0000000084a00000, 0x0000000084a00000| Untracked 
|  75|0x0000000084b00000, 0x0000000084b00000, 0x0000000084c00000|  0%| F|  |TAMS 0x0000000084b00000, 0x0000000084b00000| Untracked 
|  76|0x0000000084c00000, 0x0000000084c00000, 0x0000000084d00000|  0%| F|  |TAMS 0x0000000084c00000, 0x0000000084c00000| Untracked 
|  77|0x0000000084d00000, 0x0000000084d00000, 0x0000000084e00000|  0%| F|  |TAMS 0x0000000084d00000, 0x0000000084d00000| Untracked 
|  78|0x0000000084e00000, 0x0000000084e00000, 0x0000000084f00000|  0%| F|  |TAMS 0x0000000084e00000, 0x0000000084e00000| Untracked 
|  79|0x0000000084f00000, 0x0000000084f00000, 0x0000000085000000|  0%| F|  |TAMS 0x0000000084f00000, 0x0000000084f00000| Untracked 
|  80|0x0000000085000000, 0x0000000085000000, 0x0000000085100000|  0%| F|  |TAMS 0x0000000085000000, 0x0000000085000000| Untracked 
|  81|0x0000000085100000, 0x0000000085100000, 0x0000000085200000|  0%| F|  |TAMS 0x0000000085100000, 0x0000000085100000| Untracked 
|  82|0x0000000085200000, 0x0000000085200000, 0x0000000085300000|  0%| F|  |TAMS 0x0000000085200000, 0x0000000085200000| Untracked 
|  83|0x0000000085300000, 0x0000000085300000, 0x0000000085400000|  0%| F|  |TAMS 0x0000000085300000, 0x0000000085300000| Untracked 
|  84|0x0000000085400000, 0x0000000085400000, 0x0000000085500000|  0%| F|  |TAMS 0x0000000085400000, 0x0000000085400000| Untracked 
|  85|0x0000000085500000, 0x0000000085500000, 0x0000000085600000|  0%| F|  |TAMS 0x0000000085500000, 0x0000000085500000| Untracked 
|  86|0x0000000085600000, 0x0000000085600000, 0x0000000085700000|  0%| F|  |TAMS 0x0000000085600000, 0x0000000085600000| Untracked 
|  87|0x0000000085700000, 0x0000000085700000, 0x0000000085800000|  0%| F|  |TAMS 0x0000000085700000, 0x0000000085700000| Untracked 
|  88|0x0000000085800000, 0x0000000085800000, 0x0000000085900000|  0%| F|  |TAMS 0x0000000085800000, 0x0000000085800000| Untracked 
|  89|0x0000000085900000, 0x0000000085900000, 0x0000000085a00000|  0%| F|  |TAMS 0x0000000085900000, 0x0000000085900000| Untracked 
|  90|0x0000000085a00000, 0x0000000085a00000, 0x0000000085b00000|  0%| F|  |TAMS 0x0000000085a00000, 0x0000000085a00000| Untracked 
|  91|0x0000000085b00000, 0x0000000085b00000, 0x0000000085c00000|  0%| F|  |TAMS 0x0000000085b00000, 0x0000000085b00000| Untracked 
|  92|0x0000000085c00000, 0x0000000085c00000, 0x0000000085d00000|  0%| F|  |TAMS 0x0000000085c00000, 0x0000000085c00000| Untracked 
|  93|0x0000000085d00000, 0x0000000085d00000, 0x0000000085e00000|  0%| F|  |TAMS 0x0000000085d00000, 0x0000000085d00000| Untracked 
|  94|0x0000000085e00000, 0x0000000085e00000, 0x0000000085f00000|  0%| F|  |TAMS 0x0000000085e00000, 0x0000000085e00000| Untracked 
|  95|0x0000000085f00000, 0x0000000085f00000, 0x0000000086000000|  0%| F|  |TAMS 0x0000000085f00000, 0x0000000085f00000| Untracked 
|  96|0x0000000086000000, 0x0000000086000000, 0x0000000086100000|  0%| F|  |TAMS 0x0000000086000000, 0x0000000086000000| Untracked 
|  97|0x0000000086100000, 0x0000000086100000, 0x0000000086200000|  0%| F|  |TAMS 0x0000000086100000, 0x0000000086100000| Untracked 
|  98|0x0000000086200000, 0x0000000086200000, 0x0000000086300000|  0%| F|  |TAMS 0x0000000086200000, 0x0000000086200000| Untracked 
|  99|0x0000000086300000, 0x0000000086300000, 0x0000000086400000|  0%| F|  |TAMS 0x0000000086300000, 0x0000000086300000| Untracked 
| 100|0x0000000086400000, 0x0000000086400000, 0x0000000086500000|  0%| F|  |TAMS 0x0000000086400000, 0x0000000086400000| Untracked 
| 101|0x0000000086500000, 0x0000000086500000, 0x0000000086600000|  0%| F|  |TAMS 0x0000000086500000, 0x0000000086500000| Untracked 
| 102|0x0000000086600000, 0x0000000086600000, 0x0000000086700000|  0%| F|  |TAMS 0x0000000086600000, 0x0000000086600000| Untracked 
| 103|0x0000000086700000, 0x0000000086700000, 0x0000000086800000|  0%| F|  |TAMS 0x0000000086700000, 0x0000000086700000| Untracked 
| 104|0x0000000086800000, 0x0000000086800000, 0x0000000086900000|  0%| F|  |TAMS 0x0000000086800000, 0x0000000086800000| Untracked 
| 105|0x0000000086900000, 0x0000000086900000, 0x0000000086a00000|  0%| F|  |TAMS 0x0000000086900000, 0x0000000086900000| Untracked 
| 106|0x0000000086a00000, 0x0000000086a00000, 0x0000000086b00000|  0%| F|  |TAMS 0x0000000086a00000, 0x0000000086a00000| Untracked 
| 107|0x0000000086b00000, 0x0000000086b00000, 0x0000000086c00000|  0%| F|  |TAMS 0x0000000086b00000, 0x0000000086b00000| Untracked 
| 108|0x0000000086c00000, 0x0000000086c00000, 0x0000000086d00000|  0%| F|  |TAMS 0x0000000086c00000, 0x0000000086c00000| Untracked 
| 109|0x0000000086d00000, 0x0000000086d00000, 0x0000000086e00000|  0%| F|  |TAMS 0x0000000086d00000, 0x0000000086d00000| Untracked 
| 110|0x0000000086e00000, 0x0000000086e00000, 0x0000000086f00000|  0%| F|  |TAMS 0x0000000086e00000, 0x0000000086e00000| Untracked 
| 111|0x0000000086f00000, 0x0000000086f00000, 0x0000000087000000|  0%| F|  |TAMS 0x0000000086f00000, 0x0000000086f00000| Untracked 
| 112|0x0000000087000000, 0x0000000087000000, 0x0000000087100000|  0%| F|  |TAMS 0x0000000087000000, 0x0000000087000000| Untracked 
| 113|0x0000000087100000, 0x0000000087100000, 0x0000000087200000|  0%| F|  |TAMS 0x0000000087100000, 0x0000000087100000| Untracked 
| 114|0x0000000087200000, 0x0000000087200000, 0x0000000087300000|  0%| F|  |TAMS 0x0000000087200000, 0x0000000087200000| Untracked 
| 115|0x0000000087300000, 0x0000000087300000, 0x0000000087400000|  0%| F|  |TAMS 0x0000000087300000, 0x0000000087300000| Untracked 
| 116|0x0000000087400000, 0x0000000087400000, 0x0000000087500000|  0%| F|  |TAMS 0x0000000087400000, 0x0000000087400000| Untracked 
| 117|0x0000000087500000, 0x0000000087500000, 0x0000000087600000|  0%| F|  |TAMS 0x0000000087500000, 0x0000000087500000| Untracked 
| 118|0x0000000087600000, 0x0000000087600000, 0x0000000087700000|  0%| F|  |TAMS 0x0000000087600000, 0x0000000087600000| Untracked 
| 119|0x0000000087700000, 0x0000000087700000, 0x0000000087800000|  0%| F|  |TAMS 0x0000000087700000, 0x0000000087700000| Untracked 
| 120|0x0000000087800000, 0x0000000087800000, 0x0000000087900000|  0%| F|  |TAMS 0x0000000087800000, 0x0000000087800000| Untracked 
| 121|0x0000000087900000, 0x0000000087900000, 0x0000000087a00000|  0%| F|  |TAMS 0x0000000087900000, 0x0000000087900000| Untracked 
| 122|0x0000000087a00000, 0x0000000087a00000, 0x0000000087b00000|  0%| F|  |TAMS 0x0000000087a00000, 0x0000000087a00000| Untracked 
| 123|0x0000000087b00000, 0x0000000087b00000, 0x0000000087c00000|  0%| F|  |TAMS 0x0000000087b00000, 0x0000000087b00000| Untracked 
| 124|0x0000000087c00000, 0x0000000087c00000, 0x0000000087d00000|  0%| F|  |TAMS 0x0000000087c00000, 0x0000000087c00000| Untracked 
| 125|0x0000000087d00000, 0x0000000087d00000, 0x0000000087e00000|  0%| F|  |TAMS 0x0000000087d00000, 0x0000000087d00000| Untracked 
| 126|0x0000000087e00000, 0x0000000087e00000, 0x0000000087f00000|  0%| F|  |TAMS 0x0000000087e00000, 0x0000000087e00000| Untracked 
| 127|0x0000000087f00000, 0x0000000087f00000, 0x0000000088000000|  0%| F|  |TAMS 0x0000000087f00000, 0x0000000087f00000| Untracked 
| 128|0x0000000088000000, 0x0000000088000000, 0x0000000088100000|  0%| F|  |TAMS 0x0000000088000000, 0x0000000088000000| Untracked 
| 129|0x0000000088100000, 0x0000000088100000, 0x0000000088200000|  0%| F|  |TAMS 0x0000000088100000, 0x0000000088100000| Untracked 
| 130|0x0000000088200000, 0x0000000088200000, 0x0000000088300000|  0%| F|  |TAMS 0x0000000088200000, 0x0000000088200000| Untracked 
| 131|0x0000000088300000, 0x0000000088300000, 0x0000000088400000|  0%| F|  |TAMS 0x0000000088300000, 0x0000000088300000| Untracked 
| 132|0x0000000088400000, 0x0000000088400000, 0x0000000088500000|  0%| F|  |TAMS 0x0000000088400000, 0x0000000088400000| Untracked 
| 133|0x0000000088500000, 0x0000000088500000, 0x0000000088600000|  0%| F|  |TAMS 0x0000000088500000, 0x0000000088500000| Untracked 
| 134|0x0000000088600000, 0x0000000088600000, 0x0000000088700000|  0%| F|  |TAMS 0x0000000088600000, 0x0000000088600000| Untracked 
| 135|0x0000000088700000, 0x0000000088700000, 0x0000000088800000|  0%| F|  |TAMS 0x0000000088700000, 0x0000000088700000| Untracked 
| 136|0x0000000088800000, 0x0000000088800000, 0x0000000088900000|  0%| F|  |TAMS 0x0000000088800000, 0x0000000088800000| Untracked 
| 137|0x0000000088900000, 0x0000000088900000, 0x0000000088a00000|  0%| F|  |TAMS 0x0000000088900000, 0x0000000088900000| Untracked 
| 138|0x0000000088a00000, 0x0000000088a00000, 0x0000000088b00000|  0%| F|  |TAMS 0x0000000088a00000, 0x0000000088a00000| Untracked 
| 139|0x0000000088b00000, 0x0000000088b00000, 0x0000000088c00000|  0%| F|  |TAMS 0x0000000088b00000, 0x0000000088b00000| Untracked 
| 140|0x0000000088c00000, 0x0000000088c00000, 0x0000000088d00000|  0%| F|  |TAMS 0x0000000088c00000, 0x0000000088c00000| Untracked 
| 141|0x0000000088d00000, 0x0000000088d00000, 0x0000000088e00000|  0%| F|  |TAMS 0x0000000088d00000, 0x0000000088d00000| Untracked 
| 142|0x0000000088e00000, 0x0000000088e00000, 0x0000000088f00000|  0%| F|  |TAMS 0x0000000088e00000, 0x0000000088e00000| Untracked 
| 143|0x0000000088f00000, 0x0000000088f00000, 0x0000000089000000|  0%| F|  |TAMS 0x0000000088f00000, 0x0000000088f00000| Untracked 
| 144|0x0000000089000000, 0x0000000089000000, 0x0000000089100000|  0%| F|  |TAMS 0x0000000089000000, 0x0000000089000000| Untracked 
| 145|0x0000000089100000, 0x0000000089100000, 0x0000000089200000|  0%| F|  |TAMS 0x0000000089100000, 0x0000000089100000| Untracked 
| 146|0x0000000089200000, 0x0000000089200000, 0x0000000089300000|  0%| F|  |TAMS 0x0000000089200000, 0x0000000089200000| Untracked 
| 147|0x0000000089300000, 0x0000000089300000, 0x0000000089400000|  0%| F|  |TAMS 0x0000000089300000, 0x0000000089300000| Untracked 
| 148|0x0000000089400000, 0x0000000089400000, 0x0000000089500000|  0%| F|  |TAMS 0x0000000089400000, 0x0000000089400000| Untracked 
| 149|0x0000000089500000, 0x0000000089500000, 0x0000000089600000|  0%| F|  |TAMS 0x0000000089500000, 0x0000000089500000| Untracked 
| 150|0x0000000089600000, 0x0000000089600000, 0x0000000089700000|  0%| F|  |TAMS 0x0000000089600000, 0x0000000089600000| Untracked 
| 151|0x0000000089700000, 0x0000000089700000, 0x0000000089800000|  0%| F|  |TAMS 0x0000000089700000, 0x0000000089700000| Untracked 
| 152|0x0000000089800000, 0x0000000089800000, 0x0000000089900000|  0%| F|  |TAMS 0x0000000089800000, 0x0000000089800000| Untracked 
| 153|0x0000000089900000, 0x0000000089900000, 0x0000000089a00000|  0%| F|  |TAMS 0x0000000089900000, 0x0000000089900000| Untracked 
| 154|0x0000000089a00000, 0x0000000089a00000, 0x0000000089b00000|  0%| F|  |TAMS 0x0000000089a00000, 0x0000000089a00000| Untracked 
| 155|0x0000000089b00000, 0x0000000089b00000, 0x0000000089c00000|  0%| F|  |TAMS 0x0000000089b00000, 0x0000000089b00000| Untracked 
| 156|0x0000000089c00000, 0x0000000089c00000, 0x0000000089d00000|  0%| F|  |TAMS 0x0000000089c00000, 0x0000000089c00000| Untracked 
| 157|0x0000000089d00000, 0x0000000089d00000, 0x0000000089e00000|  0%| F|  |TAMS 0x0000000089d00000, 0x0000000089d00000| Untracked 
| 158|0x0000000089e00000, 0x0000000089e00000, 0x0000000089f00000|  0%| F|  |TAMS 0x0000000089e00000, 0x0000000089e00000| Untracked 
| 159|0x0000000089f00000, 0x0000000089f00000, 0x000000008a000000|  0%| F|  |TAMS 0x0000000089f00000, 0x0000000089f00000| Untracked 
| 160|0x000000008a000000, 0x000000008a000000, 0x000000008a100000|  0%| F|  |TAMS 0x000000008a000000, 0x000000008a000000| Untracked 
| 161|0x000000008a100000, 0x000000008a100000, 0x000000008a200000|  0%| F|  |TAMS 0x000000008a100000, 0x000000008a100000| Untracked 
| 162|0x000000008a200000, 0x000000008a200000, 0x000000008a300000|  0%| F|  |TAMS 0x000000008a200000, 0x000000008a200000| Untracked 
| 163|0x000000008a300000, 0x000000008a300000, 0x000000008a400000|  0%| F|  |TAMS 0x000000008a300000, 0x000000008a300000| Untracked 
| 164|0x000000008a400000, 0x000000008a400000, 0x000000008a500000|  0%| F|  |TAMS 0x000000008a400000, 0x000000008a400000| Untracked 
| 165|0x000000008a500000, 0x000000008a500000, 0x000000008a600000|  0%| F|  |TAMS 0x000000008a500000, 0x000000008a500000| Untracked 
| 166|0x000000008a600000, 0x000000008a600000, 0x000000008a700000|  0%| F|  |TAMS 0x000000008a600000, 0x000000008a600000| Untracked 
| 167|0x000000008a700000, 0x000000008a700000, 0x000000008a800000|  0%| F|  |TAMS 0x000000008a700000, 0x000000008a700000| Untracked 
| 168|0x000000008a800000, 0x000000008a800000, 0x000000008a900000|  0%| F|  |TAMS 0x000000008a800000, 0x000000008a800000| Untracked 
| 169|0x000000008a900000, 0x000000008a900000, 0x000000008aa00000|  0%| F|  |TAMS 0x000000008a900000, 0x000000008a900000| Untracked 
| 170|0x000000008aa00000, 0x000000008aa00000, 0x000000008ab00000|  0%| F|  |TAMS 0x000000008aa00000, 0x000000008aa00000| Untracked 
| 171|0x000000008ab00000, 0x000000008ab00000, 0x000000008ac00000|  0%| F|  |TAMS 0x000000008ab00000, 0x000000008ab00000| Untracked 
| 172|0x000000008ac00000, 0x000000008ac00000, 0x000000008ad00000|  0%| F|  |TAMS 0x000000008ac00000, 0x000000008ac00000| Untracked 
| 173|0x000000008ad00000, 0x000000008ad00000, 0x000000008ae00000|  0%| F|  |TAMS 0x000000008ad00000, 0x000000008ad00000| Untracked 
| 174|0x000000008ae00000, 0x000000008ae00000, 0x000000008af00000|  0%| F|  |TAMS 0x000000008ae00000, 0x000000008ae00000| Untracked 
| 175|0x000000008af00000, 0x000000008af00000, 0x000000008b000000|  0%| F|  |TAMS 0x000000008af00000, 0x000000008af00000| Untracked 
| 176|0x000000008b000000, 0x000000008b000000, 0x000000008b100000|  0%| F|  |TAMS 0x000000008b000000, 0x000000008b000000| Untracked 
| 177|0x000000008b100000, 0x000000008b100000, 0x000000008b200000|  0%| F|  |TAMS 0x000000008b100000, 0x000000008b100000| Untracked 
| 178|0x000000008b200000, 0x000000008b200000, 0x000000008b300000|  0%| F|  |TAMS 0x000000008b200000, 0x000000008b200000| Untracked 
| 179|0x000000008b300000, 0x000000008b300000, 0x000000008b400000|  0%| F|  |TAMS 0x000000008b300000, 0x000000008b300000| Untracked 
| 180|0x000000008b400000, 0x000000008b4562b0, 0x000000008b500000| 33%| S|CS|TAMS 0x000000008b400000, 0x000000008b400000| Complete 
| 181|0x000000008b500000, 0x000000008b600000, 0x000000008b600000|100%| S|CS|TAMS 0x000000008b500000, 0x000000008b500000| Complete 
| 182|0x000000008b600000, 0x000000008b700000, 0x000000008b700000|100%| S|CS|TAMS 0x000000008b600000, 0x000000008b600000| Complete 
| 183|0x000000008b700000, 0x000000008b800000, 0x000000008b800000|100%| S|CS|TAMS 0x000000008b700000, 0x000000008b700000| Complete 
| 184|0x000000008b800000, 0x000000008b900000, 0x000000008b900000|100%| S|CS|TAMS 0x000000008b800000, 0x000000008b800000| Complete 
| 185|0x000000008b900000, 0x000000008ba00000, 0x000000008ba00000|100%| S|CS|TAMS 0x000000008b900000, 0x000000008b900000| Complete 
| 186|0x000000008ba00000, 0x000000008ba00000, 0x000000008bb00000|  0%| F|  |TAMS 0x000000008ba00000, 0x000000008ba00000| Untracked 
| 187|0x000000008bb00000, 0x000000008bb00000, 0x000000008bc00000|  0%| F|  |TAMS 0x000000008bb00000, 0x000000008bb00000| Untracked 
| 188|0x000000008bc00000, 0x000000008bc00000, 0x000000008bd00000|  0%| F|  |TAMS 0x000000008bc00000, 0x000000008bc00000| Untracked 
| 189|0x000000008bd00000, 0x000000008bd00000, 0x000000008be00000|  0%| F|  |TAMS 0x000000008bd00000, 0x000000008bd00000| Untracked 
| 190|0x000000008be00000, 0x000000008be00000, 0x000000008bf00000|  0%| F|  |TAMS 0x000000008be00000, 0x000000008be00000| Untracked 
| 191|0x000000008bf00000, 0x000000008bf00000, 0x000000008c000000|  0%| F|  |TAMS 0x000000008bf00000, 0x000000008bf00000| Untracked 
| 192|0x000000008c000000, 0x000000008c000000, 0x000000008c100000|  0%| F|  |TAMS 0x000000008c000000, 0x000000008c000000| Untracked 
| 193|0x000000008c100000, 0x000000008c100000, 0x000000008c200000|  0%| F|  |TAMS 0x000000008c100000, 0x000000008c100000| Untracked 
| 194|0x000000008c200000, 0x000000008c200000, 0x000000008c300000|  0%| F|  |TAMS 0x000000008c200000, 0x000000008c200000| Untracked 
| 195|0x000000008c300000, 0x000000008c300000, 0x000000008c400000|  0%| F|  |TAMS 0x000000008c300000, 0x000000008c300000| Untracked 
| 196|0x000000008c400000, 0x000000008c400000, 0x000000008c500000|  0%| F|  |TAMS 0x000000008c400000, 0x000000008c400000| Untracked 
| 197|0x000000008c500000, 0x000000008c500000, 0x000000008c600000|  0%| F|  |TAMS 0x000000008c500000, 0x000000008c500000| Untracked 
| 198|0x000000008c600000, 0x000000008c600000, 0x000000008c700000|  0%| F|  |TAMS 0x000000008c600000, 0x000000008c600000| Untracked 
| 199|0x000000008c700000, 0x000000008c700000, 0x000000008c800000|  0%| F|  |TAMS 0x000000008c700000, 0x000000008c700000| Untracked 
| 200|0x000000008c800000, 0x000000008c800000, 0x000000008c900000|  0%| F|  |TAMS 0x000000008c800000, 0x000000008c800000| Untracked 
| 201|0x000000008c900000, 0x000000008c900000, 0x000000008ca00000|  0%| F|  |TAMS 0x000000008c900000, 0x000000008c900000| Untracked 
| 202|0x000000008ca00000, 0x000000008ca00000, 0x000000008cb00000|  0%| F|  |TAMS 0x000000008ca00000, 0x000000008ca00000| Untracked 
| 203|0x000000008cb00000, 0x000000008cb00000, 0x000000008cc00000|  0%| F|  |TAMS 0x000000008cb00000, 0x000000008cb00000| Untracked 
| 204|0x000000008cc00000, 0x000000008cc00000, 0x000000008cd00000|  0%| F|  |TAMS 0x000000008cc00000, 0x000000008cc00000| Untracked 
| 205|0x000000008cd00000, 0x000000008cd00000, 0x000000008ce00000|  0%| F|  |TAMS 0x000000008cd00000, 0x000000008cd00000| Untracked 
| 206|0x000000008ce00000, 0x000000008ce00000, 0x000000008cf00000|  0%| F|  |TAMS 0x000000008ce00000, 0x000000008ce00000| Untracked 
| 207|0x000000008cf00000, 0x000000008cf00000, 0x000000008d000000|  0%| F|  |TAMS 0x000000008cf00000, 0x000000008cf00000| Untracked 
| 208|0x000000008d000000, 0x000000008d000000, 0x000000008d100000|  0%| F|  |TAMS 0x000000008d000000, 0x000000008d000000| Untracked 
| 209|0x000000008d100000, 0x000000008d100000, 0x000000008d200000|  0%| F|  |TAMS 0x000000008d100000, 0x000000008d100000| Untracked 
| 210|0x000000008d200000, 0x000000008d200000, 0x000000008d300000|  0%| F|  |TAMS 0x000000008d200000, 0x000000008d200000| Untracked 
| 211|0x000000008d300000, 0x000000008d300000, 0x000000008d400000|  0%| F|  |TAMS 0x000000008d300000, 0x000000008d300000| Untracked 
| 212|0x000000008d400000, 0x000000008d400000, 0x000000008d500000|  0%| F|  |TAMS 0x000000008d400000, 0x000000008d400000| Untracked 
| 213|0x000000008d500000, 0x000000008d5ffc10, 0x000000008d600000| 99%| E|  |TAMS 0x000000008d500000, 0x000000008d500000| Complete 
| 214|0x000000008d600000, 0x000000008d700000, 0x000000008d700000|100%| E|  |TAMS 0x000000008d600000, 0x000000008d600000| Complete 
| 215|0x000000008d700000, 0x000000008d800000, 0x000000008d800000|100%| E|CS|TAMS 0x000000008d700000, 0x000000008d700000| Complete 
| 216|0x000000008d800000, 0x000000008d900000, 0x000000008d900000|100%| E|CS|TAMS 0x000000008d800000, 0x000000008d800000| Complete 
| 217|0x000000008d900000, 0x000000008da00000, 0x000000008da00000|100%| E|CS|TAMS 0x000000008d900000, 0x000000008d900000| Complete 
| 218|0x000000008da00000, 0x000000008db00000, 0x000000008db00000|100%| E|CS|TAMS 0x000000008da00000, 0x000000008da00000| Complete 
| 219|0x000000008db00000, 0x000000008dc00000, 0x000000008dc00000|100%| E|CS|TAMS 0x000000008db00000, 0x000000008db00000| Complete 
| 220|0x000000008dc00000, 0x000000008dd00000, 0x000000008dd00000|100%| E|CS|TAMS 0x000000008dc00000, 0x000000008dc00000| Complete 
| 221|0x000000008dd00000, 0x000000008de00000, 0x000000008de00000|100%| E|CS|TAMS 0x000000008dd00000, 0x000000008dd00000| Complete 
| 222|0x000000008de00000, 0x000000008df00000, 0x000000008df00000|100%| E|CS|TAMS 0x000000008de00000, 0x000000008de00000| Complete 
| 223|0x000000008df00000, 0x000000008e000000, 0x000000008e000000|100%| E|CS|TAMS 0x000000008df00000, 0x000000008df00000| Complete 
| 224|0x000000008e000000, 0x000000008e100000, 0x000000008e100000|100%| E|CS|TAMS 0x000000008e000000, 0x000000008e000000| Complete 
| 225|0x000000008e100000, 0x000000008e200000, 0x000000008e200000|100%| E|CS|TAMS 0x000000008e100000, 0x000000008e100000| Complete 
| 226|0x000000008e200000, 0x000000008e300000, 0x000000008e300000|100%| E|CS|TAMS 0x000000008e200000, 0x000000008e200000| Complete 
| 227|0x000000008e300000, 0x000000008e400000, 0x000000008e400000|100%| E|CS|TAMS 0x000000008e300000, 0x000000008e300000| Complete 
| 228|0x000000008e400000, 0x000000008e500000, 0x000000008e500000|100%| E|CS|TAMS 0x000000008e400000, 0x000000008e400000| Complete 
| 229|0x000000008e500000, 0x000000008e600000, 0x000000008e600000|100%| E|CS|TAMS 0x000000008e500000, 0x000000008e500000| Complete 
| 230|0x000000008e600000, 0x000000008e700000, 0x000000008e700000|100%| E|CS|TAMS 0x000000008e600000, 0x000000008e600000| Complete 
| 231|0x000000008e700000, 0x000000008e800000, 0x000000008e800000|100%| E|CS|TAMS 0x000000008e700000, 0x000000008e700000| Complete 
| 232|0x000000008e800000, 0x000000008e900000, 0x000000008e900000|100%| E|CS|TAMS 0x000000008e800000, 0x000000008e800000| Complete 
| 233|0x000000008e900000, 0x000000008ea00000, 0x000000008ea00000|100%| E|CS|TAMS 0x000000008e900000, 0x000000008e900000| Complete 
| 234|0x000000008ea00000, 0x000000008eb00000, 0x000000008eb00000|100%| E|CS|TAMS 0x000000008ea00000, 0x000000008ea00000| Complete 
| 235|0x000000008eb00000, 0x000000008ec00000, 0x000000008ec00000|100%| E|CS|TAMS 0x000000008eb00000, 0x000000008eb00000| Complete 
| 236|0x000000008ec00000, 0x000000008ed00000, 0x000000008ed00000|100%| E|CS|TAMS 0x000000008ec00000, 0x000000008ec00000| Complete 
| 237|0x000000008ed00000, 0x000000008ee00000, 0x000000008ee00000|100%| E|CS|TAMS 0x000000008ed00000, 0x000000008ed00000| Complete 
| 238|0x000000008ee00000, 0x000000008ef00000, 0x000000008ef00000|100%| E|CS|TAMS 0x000000008ee00000, 0x000000008ee00000| Complete 
| 239|0x000000008ef00000, 0x000000008f000000, 0x000000008f000000|100%| E|CS|TAMS 0x000000008ef00000, 0x000000008ef00000| Complete 
| 240|0x000000008f000000, 0x000000008f100000, 0x000000008f100000|100%| E|CS|TAMS 0x000000008f000000, 0x000000008f000000| Complete 
| 241|0x000000008f100000, 0x000000008f200000, 0x000000008f200000|100%| E|CS|TAMS 0x000000008f100000, 0x000000008f100000| Complete 
| 242|0x000000008f200000, 0x000000008f300000, 0x000000008f300000|100%| E|CS|TAMS 0x000000008f200000, 0x000000008f200000| Complete 
| 243|0x000000008f300000, 0x000000008f400000, 0x000000008f400000|100%| E|CS|TAMS 0x000000008f300000, 0x000000008f300000| Complete 
| 244|0x000000008f400000, 0x000000008f500000, 0x000000008f500000|100%| E|CS|TAMS 0x000000008f400000, 0x000000008f400000| Complete 
| 245|0x000000008f500000, 0x000000008f600000, 0x000000008f600000|100%| E|CS|TAMS 0x000000008f500000, 0x000000008f500000| Complete 
| 246|0x000000008f600000, 0x000000008f700000, 0x000000008f700000|100%| E|CS|TAMS 0x000000008f600000, 0x000000008f600000| Complete 
| 247|0x000000008f700000, 0x000000008f800000, 0x000000008f800000|100%| E|CS|TAMS 0x000000008f700000, 0x000000008f700000| Complete 
| 248|0x000000008f800000, 0x000000008f900000, 0x000000008f900000|100%| E|CS|TAMS 0x000000008f800000, 0x000000008f800000| Complete 
| 249|0x000000008f900000, 0x000000008fa00000, 0x000000008fa00000|100%| E|CS|TAMS 0x000000008f900000, 0x000000008f900000| Complete 
| 250|0x000000008fa00000, 0x000000008fb00000, 0x000000008fb00000|100%| E|CS|TAMS 0x000000008fa00000, 0x000000008fa00000| Complete 
| 251|0x000000008fb00000, 0x000000008fc00000, 0x000000008fc00000|100%| E|CS|TAMS 0x000000008fb00000, 0x000000008fb00000| Complete 
| 252|0x000000008fc00000, 0x000000008fd00000, 0x000000008fd00000|100%| E|CS|TAMS 0x000000008fc00000, 0x000000008fc00000| Complete 
| 253|0x000000008fd00000, 0x000000008fe00000, 0x000000008fe00000|100%| E|CS|TAMS 0x000000008fd00000, 0x000000008fd00000| Complete 
| 254|0x000000008fe00000, 0x000000008ff00000, 0x000000008ff00000|100%| E|CS|TAMS 0x000000008fe00000, 0x000000008fe00000| Complete 
| 255|0x000000008ff00000, 0x0000000090000000, 0x0000000090000000|100%| E|CS|TAMS 0x000000008ff00000, 0x000000008ff00000| Complete 

Card table byte_map: [0x000001cf59970000,0x000001cf59d70000] _byte_map_base: 0x000001cf59570000

Marking Bits (Prev, Next): (CMBitMap*) 0x000001cf462287e8, (CMBitMap*) 0x000001cf46228820
 Prev Bits: [0x000001cf5a170000, 0x000001cf5c170000)
 Next Bits: [0x000001cf5c170000, 0x000001cf5e170000)

Polling page: 0x000001cf44070000

Metaspace:

Usage:
  Non-class:     33.98 MB capacity,    33.46 MB ( 98%) used,   437.05 KB (  1%) free+waste,    90.19 KB ( <1%) overhead. 
      Class:      5.19 MB capacity,     4.86 MB ( 94%) used,   297.87 KB (  6%) free+waste,    43.19 KB ( <1%) overhead. 
       Both:     39.17 MB capacity,    38.32 MB ( 98%) used,   734.91 KB (  2%) free+waste,   133.38 KB ( <1%) overhead. 

Virtual space:
  Non-class space:       36.00 MB reserved,      34.17 MB ( 95%) committed 
      Class space:        1.00 GB reserved,       5.25 MB ( <1%) committed 
             Both:        1.04 GB reserved,      39.42 MB (  4%) committed 

Chunk freelists:
   Non-Class:  9.00 KB
       Class:  0 bytes
        Both:  9.00 KB

MaxMetaspaceSize: 17179869184.00 GB
CompressedClassSpaceSize: 1.00 GB
Initial GC threshold: 20.80 MB
Current GC threshold: 59.00 MB
CDS: off

CodeHeap 'non-profiled nmethods': size=119168Kb used=1703Kb max_used=1703Kb free=117464Kb
 bounds [0x000001cf51890000, 0x000001cf51b00000, 0x000001cf58cf0000]
CodeHeap 'profiled nmethods': size=119168Kb used=8005Kb max_used=8005Kb free=111163Kb
 bounds [0x000001cf4a430000, 0x000001cf4ac10000, 0x000001cf51890000]
CodeHeap 'non-nmethods': size=7424Kb used=3966Kb max_used=3966Kb free=3457Kb
 bounds [0x000001cf49cf0000, 0x000001cf4a0d0000, 0x000001cf4a430000]
 total_blobs=4431 nmethods=3664 adapters=676
 compilation: enabled
              stopped_count=0, restarted_count=0
 full_count=0

Compilation events (20 events):
Event: 4.251 Thread 0x000001cf63cfb800 nmethod 3613 0x000001cf4abdf010 code [0x000001cf4abdf360, 0x000001cf4abe0878]
Event: 4.251 Thread 0x000001cf61208000 3615       3       com.sun.beans.introspect.PropertyInfo::get (22 bytes)
Event: 4.251 Thread 0x000001cf61208000 nmethod 3615 0x000001cf4abe1010 code [0x000001cf4abe11e0, 0x000001cf4abe1408]
Event: 4.251 Thread 0x000001cf62e02000 3616       3       com.sun.beans.TypeResolver::resolve (37 bytes)
Event: 4.251 Thread 0x000001cf61ae9000 3617  s!   3       java.beans.PropertyDescriptor::getReadMethod (149 bytes)
Event: 4.252 Thread 0x000001cf61ae8000 nmethod 3525 0x000001cf51a31b90 code [0x000001cf51a31d80, 0x000001cf51a32710]
Event: 4.252 Thread 0x000001cf62e02000 nmethod 3616 0x000001cf4abe1510 code [0x000001cf4abe16e0, 0x000001cf4abe1b08]
Event: 4.252 Thread 0x000001cf61ae8000 3593       4       java.lang.reflect.Modifier::isPrivate (12 bytes)
Event: 4.252 Thread 0x000001cf61ae8000 nmethod 3593 0x000001cf51a32d10 code [0x000001cf51a32ea0, 0x000001cf51a32ef8]
Event: 4.252 Thread 0x000001cf61ae8000 3558       4       java.lang.reflect.Method::copy (84 bytes)
Event: 4.252 Thread 0x000001cf63cfb800 3618       3       java.beans.FeatureDescriptor::setClass0 (9 bytes)
Event: 4.252 Thread 0x000001cf61208000 3619       1       java.util.Hashtable$Entry::getKey (5 bytes)
Event: 4.252 Thread 0x000001cf62e02000 3620       1       java.util.Hashtable$Entry::getValue (5 bytes)
Event: 4.252 Thread 0x000001cf61208000 nmethod 3619 0x000001cf51a33010 code [0x000001cf51a331c0, 0x000001cf51a33278]
Event: 4.252 Thread 0x000001cf62e02000 nmethod 3620 0x000001cf51a33310 code [0x000001cf51a334c0, 0x000001cf51a33578]
Event: 4.252 Thread 0x000001cf63cfb800 nmethod 3618 0x000001cf4abe1c90 code [0x000001cf4abe1e80, 0x000001cf4abe2208]
Event: 4.252 Thread 0x000001cf61ae9000 nmethod 3617 0x000001cf4abe2390 code [0x000001cf4abe2720, 0x000001cf4abe42b8]
Event: 4.252 Thread 0x000001cf61208000 3621       3       org.codehaus.groovy.util.SingleKeyHashMap::put (10 bytes)
Event: 4.252 Thread 0x000001cf61208000 nmethod 3621 0x000001cf4abe4a10 code [0x000001cf4abe4be0, 0x000001cf4abe4de8]
Event: 4.252 Thread 0x000001cf62e02000 3622  s!   3       java.beans.PropertyDescriptor::getWriteMethod (152 bytes)

GC Heap History (8 events):
Event: 0.740 GC heap before
{Heap before GC invocations=0 (full 0):
 garbage-first heap   total 262144K, used 29696K [0x0000000080000000, 0x0000000100000000)
  region size 1024K, 24 young (24576K), 0 survivors (0K)
 Metaspace       used 10221K, capacity 10467K, committed 10624K, reserved 1058816K
  class space    used 1060K, capacity 1106K, committed 1152K, reserved 1048576K
}
Event: 0.743 GC heap after
{Heap after GC invocations=1 (full 0):
 garbage-first heap   total 262144K, used 9433K [0x0000000080000000, 0x0000000100000000)
  region size 1024K, 3 young (3072K), 3 survivors (3072K)
 Metaspace       used 10221K, capacity 10467K, committed 10624K, reserved 1058816K
  class space    used 1060K, capacity 1106K, committed 1152K, reserved 1048576K
}
Event: 2.644 GC heap before
{Heap before GC invocations=1 (full 0):
 garbage-first heap   total 262144K, used 112857K [0x0000000080000000, 0x0000000100000000)
  region size 1024K, 105 young (107520K), 3 survivors (3072K)
 Metaspace       used 20739K, capacity 21181K, committed 21296K, reserved 1069056K
  class space    used 2536K, capacity 2680K, committed 2688K, reserved 1048576K
}
Event: 2.652 GC heap after
{Heap after GC invocations=2 (full 0):
 garbage-first heap   total 262144K, used 16816K [0x0000000080000000, 0x0000000100000000)
  region size 1024K, 11 young (11264K), 11 survivors (11264K)
 Metaspace       used 20739K, capacity 21181K, committed 21296K, reserved 1069056K
  class space    used 2536K, capacity 2680K, committed 2688K, reserved 1048576K
}
Event: 3.109 GC heap before
{Heap before GC invocations=3 (full 0):
 garbage-first heap   total 262144K, used 60848K [0x0000000080000000, 0x0000000100000000)
  region size 1024K, 55 young (56320K), 11 survivors (11264K)
 Metaspace       used 25357K, capacity 25979K, committed 26160K, reserved 1073152K
  class space    used 3246K, capacity 3454K, committed 3456K, reserved 1048576K
}
Event: 3.113 GC heap after
{Heap after GC invocations=4 (full 0):
 garbage-first heap   total 262144K, used 19080K [0x0000000080000000, 0x0000000100000000)
  region size 1024K, 3 young (3072K), 3 survivors (3072K)
 Metaspace       used 25357K, capacity 25979K, committed 26160K, reserved 1073152K
  class space    used 3246K, capacity 3454K, committed 3456K, reserved 1048576K
}
Event: 3.932 GC heap before
{Heap before GC invocations=4 (full 0):
 garbage-first heap   total 262144K, used 86664K [0x0000000080000000, 0x0000000100000000)
  region size 1024K, 70 young (71680K), 3 survivors (3072K)
 Metaspace       used 35069K, capacity 35854K, committed 35920K, reserved 1081344K
  class space    used 4533K, capacity 4839K, committed 4864K, reserved 1048576K
}
Event: 3.941 GC heap after
{Heap after GC invocations=5 (full 0):
 garbage-first heap   total 262144K, used 22427K [0x0000000080000000, 0x0000000100000000)
  region size 1024K, 6 young (6144K), 6 survivors (6144K)
 Metaspace       used 35069K, capacity 35854K, committed 35920K, reserved 1081344K
  class space    used 4533K, capacity 4839K, committed 4864K, reserved 1048576K
}

Deoptimization events (20 events):
Event: 4.216 Thread 0x000001cf64d9e800 Uncommon trap: trap_request=0xffffffbe fr.pc=0x000001cf51a25e00 relative=0x00000000000009c0
Event: 4.216 Thread 0x000001cf64d9e800 Uncommon trap: reason=profile_predicate action=maybe_recompile pc=0x000001cf51a25e00 method=java.util.stream.ReferencePipeline.forEachWithCancel(Ljava/util/Spliterator;Ljava/util/stream/Sink;)Z @ 8 c2
Event: 4.216 Thread 0x000001cf64d9e800 DEOPT PACKING pc=0x000001cf51a25e00 sp=0x0000000539af8c50
Event: 4.216 Thread 0x000001cf64d9e800 DEOPT UNPACKING pc=0x000001cf49d3a1af sp=0x0000000539af8c20 mode 2
Event: 4.229 Thread 0x000001cf64d9e800 Uncommon trap: trap_request=0xffffff4d fr.pc=0x000001cf51925d7c relative=0x0000000000001c9c
Event: 4.229 Thread 0x000001cf64d9e800 Uncommon trap: reason=unstable_if action=reinterpret pc=0x000001cf51925d7c method=java.util.zip.ZipFile$Source.initCEN(ILjava/util/zip/ZipCoder;)V @ 621 c2
Event: 4.229 Thread 0x000001cf64d9e800 DEOPT PACKING pc=0x000001cf51925d7c sp=0x0000000539af4e10
Event: 4.229 Thread 0x000001cf64d9e800 DEOPT UNPACKING pc=0x000001cf49d3a1af sp=0x0000000539af4de0 mode 2
Event: 4.230 Thread 0x000001cf64d9e800 Uncommon trap: trap_request=0xffffff4d fr.pc=0x000001cf519e6e7c relative=0x000000000000071c
Event: 4.230 Thread 0x000001cf64d9e800 Uncommon trap: reason=unstable_if action=reinterpret pc=0x000001cf519e6e7c method=java.lang.Class.getPackageName()Ljava/lang/String; @ 55 c2
Event: 4.230 Thread 0x000001cf64d9e800 DEOPT PACKING pc=0x000001cf519e6e7c sp=0x0000000539af8810
Event: 4.230 Thread 0x000001cf64d9e800 DEOPT UNPACKING pc=0x000001cf49d3a1af sp=0x0000000539af87d0 mode 2
Event: 4.249 Thread 0x000001cf64d9e800 Uncommon trap: trap_request=0xffffffde fr.pc=0x000001cf51a28d10 relative=0x0000000000000470
Event: 4.249 Thread 0x000001cf64d9e800 Uncommon trap: reason=class_check action=maybe_recompile pc=0x000001cf51a28d10 method=java.util.regex.Pattern$Start.match(Ljava/util/regex/Matcher;ILjava/lang/CharSequence;)Z @ 44 c2
Event: 4.249 Thread 0x000001cf64d9e800 DEOPT PACKING pc=0x000001cf51a28d10 sp=0x0000000539af6fa0
Event: 4.249 Thread 0x000001cf64d9e800 DEOPT UNPACKING pc=0x000001cf49d3a1af sp=0x0000000539af6e68 mode 2
Event: 4.250 Thread 0x000001cf64d9e800 Uncommon trap: trap_request=0xffffffde fr.pc=0x000001cf51a28d10 relative=0x0000000000000470
Event: 4.250 Thread 0x000001cf64d9e800 Uncommon trap: reason=class_check action=maybe_recompile pc=0x000001cf51a28d10 method=java.util.regex.Pattern$Start.match(Ljava/util/regex/Matcher;ILjava/lang/CharSequence;)Z @ 44 c2
Event: 4.250 Thread 0x000001cf64d9e800 DEOPT PACKING pc=0x000001cf51a28d10 sp=0x0000000539af6fa0
Event: 4.250 Thread 0x000001cf64d9e800 DEOPT UNPACKING pc=0x000001cf49d3a1af sp=0x0000000539af6e68 mode 2

Classes redefined (0 events):
No events

Internal exceptions (20 events):
Event: 4.216 Thread 0x000001cf64d9e800 Exception <a 'java/lang/NoSuchMethodError'{0x000000008de85258}: 'void java.lang.invoke.DirectMethodHandle$Holder.invokeSpecial(java.lang.Object, java.lang.Object, java.lang.Object, java.lang.Object, java.lang.Object)'> (0x000000008de85258) thrown at [./src/hotspot/share/interpreter/linkResolver.cpp, line 773]
Event: 4.218 Thread 0x000001cf64d9e800 Exception <a 'java/lang/NoSuchMethodError'{0x000000008dedf470}: 'java.lang.Object java.lang.invoke.DirectMethodHandle$Holder.invokeStatic(java.lang.Object, java.lang.Object, int, java.lang.Object)'> (0x000000008dedf470) thrown at [./src/hotspot/share/interpreter/linkResolver.cpp, line 773]
Event: 4.219 Thread 0x000001cf64d9e800 Exception <a 'java/lang/NoSuchMethodError'{0x000000008dee98b8}: 'java.lang.Object java.lang.invoke.Invokers$Holder.linkToTargetMethod(java.lang.Object, int, java.lang.Object, java.lang.Object)'> (0x000000008dee98b8) thrown at [./src/hotspot/share/interpreter/linkResolver.cpp, line 773]
Event: 4.229 Thread 0x000001cf64d9e800 Implicit null exception at 0x000001cf519251bb to 0x000001cf51925d5a
Event: 4.238 Thread 0x000001cf64d9e800 Exception <a 'java/lang/ClassNotFoundException'{0x000000008dc8f978}: groovy/lang/BindingBeanInfo> (0x000000008dc8f978) thrown at [./src/hotspot/share/classfile/systemDictionary.cpp, line 231]
Event: 4.238 Thread 0x000001cf64d9e800 Exception <a 'java/lang/ClassNotFoundException'{0x000000008dcafa48}: groovy/lang/BindingCustomizer> (0x000000008dcafa48) thrown at [./src/hotspot/share/classfile/systemDictionary.cpp, line 231]
Event: 4.245 Thread 0x000001cf64d9e800 Exception <a 'java/lang/ClassNotFoundException'{0x000000008da0dab0}: settings_9osf970f4pe5b3lc9xvj8at11BeanInfo> (0x000000008da0dab0) thrown at [./src/hotspot/share/classfile/systemDictionary.cpp, line 231]
Event: 4.246 Thread 0x000001cf64d9e800 Exception <a 'java/lang/ClassNotFoundException'{0x000000008da22958}: org/gradle/initialization/SettingsScriptBeanInfo> (0x000000008da22958) thrown at [./src/hotspot/share/classfile/systemDictionary.cpp, line 231]
Event: 4.246 Thread 0x000001cf64d9e800 Exception <a 'java/lang/ClassNotFoundException'{0x000000008da398c8}: org/gradle/plugin/use/internal/PluginsAwareScriptBeanInfo> (0x000000008da398c8) thrown at [./src/hotspot/share/classfile/systemDictionary.cpp, line 231]
Event: 4.246 Thread 0x000001cf64d9e800 Exception <a 'java/lang/ClassNotFoundException'{0x000000008da4f7a8}: org/gradle/groovy/scripts/DefaultScriptBeanInfo> (0x000000008da4f7a8) thrown at [./src/hotspot/share/classfile/systemDictionary.cpp, line 231]
Event: 4.246 Thread 0x000001cf64d9e800 Exception <a 'java/lang/ClassNotFoundException'{0x000000008da65768}: org/gradle/groovy/scripts/BasicScriptBeanInfo> (0x000000008da65768) thrown at [./src/hotspot/share/classfile/systemDictionary.cpp, line 231]
Event: 4.247 Thread 0x000001cf64d9e800 Exception <a 'java/lang/ClassNotFoundException'{0x000000008da7a628}: org/gradle/groovy/scripts/ScriptBeanInfo> (0x000000008da7a628) thrown at [./src/hotspot/share/classfile/systemDictionary.cpp, line 231]
Event: 4.247 Thread 0x000001cf64d9e800 Exception <a 'java/lang/ClassNotFoundException'{0x000000008da9b350}: groovy/lang/ScriptBeanInfo> (0x000000008da9b350) thrown at [./src/hotspot/share/classfile/systemDictionary.cpp, line 231]
Event: 4.247 Thread 0x000001cf64d9e800 Exception <a 'java/lang/ClassNotFoundException'{0x000000008dabc700}: groovy/lang/ScriptCustomizer> (0x000000008dabc700) thrown at [./src/hotspot/share/classfile/systemDictionary.cpp, line 231]
Event: 4.248 Thread 0x000001cf64d9e800 Exception <a 'java/lang/ClassNotFoundException'{0x000000008dad9688}: org/gradle/groovy/scripts/ScriptCustomizer> (0x000000008dad9688) thrown at [./src/hotspot/share/classfile/systemDictionary.cpp, line 231]
Event: 4.248 Thread 0x000001cf64d9e800 Exception <a 'java/lang/ClassNotFoundException'{0x000000008daf6280}: org/gradle/groovy/scripts/BasicScriptCustomizer> (0x000000008daf6280) thrown at [./src/hotspot/share/classfile/systemDictionary.cpp, line 231]
Event: 4.249 Thread 0x000001cf64d9e800 Exception <a 'java/lang/ClassNotFoundException'{0x000000008d918f18}: org/gradle/groovy/scripts/DefaultScriptCustomizer> (0x000000008d918f18) thrown at [./src/hotspot/share/classfile/systemDictionary.cpp, line 231]
Event: 4.251 Thread 0x000001cf64d9e800 Exception <a 'java/lang/ClassNotFoundException'{0x000000008d967c10}: org/gradle/plugin/use/internal/PluginsAwareScriptCustomizer> (0x000000008d967c10) thrown at [./src/hotspot/share/classfile/systemDictionary.cpp, line 231]
Event: 4.252 Thread 0x000001cf64d9e800 Exception <a 'java/lang/ClassNotFoundException'{0x000000008d9855e8}: org/gradle/initialization/SettingsScriptCustomizer> (0x000000008d9855e8) thrown at [./src/hotspot/share/classfile/systemDictionary.cpp, line 231]
Event: 4.252 Thread 0x000001cf64d9e800 Exception <a 'java/lang/ClassNotFoundException'{0x000000008d998478}: settings_9osf970f4pe5b3lc9xvj8at11Customizer> (0x000000008d998478) thrown at [./src/hotspot/share/classfile/systemDictionary.cpp, line 231]

Events (20 events):
Event: 4.250 loading class org/gradle/process/JavaExecSpec
Event: 4.250 loading class org/gradle/process/JavaExecSpec done
Event: 4.250 loading class org/gradle/process/JavaForkOptions
Event: 4.250 loading class org/gradle/process/JavaForkOptions done
Event: 4.251 loading class org/gradle/plugin/use/internal/PluginsAwareScriptCustomizer
Event: 4.251 loading class org/gradle/plugin/use/internal/PluginsAwareScriptCustomizer done
Event: 4.251 loading class org/gradle/plugin/use/internal/PluginsAwareScriptCustomizer
Event: 4.251 loading class org/gradle/plugin/use/internal/PluginsAwareScriptCustomizer done
Event: 4.251 loading class org/gradle/plugin/use/internal/PluginsAwareScriptCustomizer
Event: 4.251 loading class org/gradle/plugin/use/internal/PluginsAwareScriptCustomizer done
Event: 4.252 loading class org/gradle/initialization/SettingsScriptCustomizer
Event: 4.252 loading class org/gradle/initialization/SettingsScriptCustomizer done
Event: 4.252 loading class org/gradle/initialization/SettingsScriptCustomizer
Event: 4.252 loading class org/gradle/initialization/SettingsScriptCustomizer done
Event: 4.252 loading class org/gradle/initialization/SettingsScriptCustomizer
Event: 4.252 loading class org/gradle/initialization/SettingsScriptCustomizer done
Event: 4.252 loading class settings_9osf970f4pe5b3lc9xvj8at11Customizer
Event: 4.252 loading class settings_9osf970f4pe5b3lc9xvj8at11Customizer done
Event: 4.252 loading class settings_9osf970f4pe5b3lc9xvj8at11Customizer
Event: 4.252 loading class settings_9osf970f4pe5b3lc9xvj8at11Customizer done


Dynamic libraries:
0x00007ff6dda50000 - 0x00007ff6dda5a000 	D:\AIstudy\AndroidTool\AndroidStudio\jre\bin\java.exe
0x00007ffd84450000 - 0x00007ffd84648000 	C:\WINDOWS\SYSTEM32\ntdll.dll
0x00007ffd838e0000 - 0x00007ffd8399f000 	C:\WINDOWS\System32\KERNEL32.DLL
0x00007ffd81eb0000 - 0x00007ffd82182000 	C:\WINDOWS\System32\KERNELBASE.dll
0x00007ffd82330000 - 0x00007ffd82430000 	C:\WINDOWS\System32\ucrtbase.dll
0x00007ffd51990000 - 0x00007ffd519a9000 	D:\AIstudy\AndroidTool\AndroidStudio\jre\bin\jli.dll
0x00007ffd508b0000 - 0x00007ffd508c7000 	D:\AIstudy\AndroidTool\AndroidStudio\jre\bin\VCRUNTIME140.dll
0x00007ffd82c70000 - 0x00007ffd82e0d000 	C:\WINDOWS\System32\USER32.dll
0x00007ffd81c70000 - 0x00007ffd81c92000 	C:\WINDOWS\System32\win32u.dll
0x00007ffd82a60000 - 0x00007ffd82a8b000 	C:\WINDOWS\System32\GDI32.dll
0x00007ffd82220000 - 0x00007ffd8232f000 	C:\WINDOWS\System32\gdi32full.dll
0x00007ffd71ff0000 - 0x00007ffd7228a000 	C:\WINDOWS\WinSxS\amd64_microsoft.windows.common-controls_6595b64144ccf1df_6.0.19041.1110_none_60b5254171f9507e\COMCTL32.dll
0x00007ffd81b50000 - 0x00007ffd81bed000 	C:\WINDOWS\System32\msvcp_win.dll
0x00007ffd84370000 - 0x00007ffd8440e000 	C:\WINDOWS\System32\msvcrt.dll
0x00007ffd84250000 - 0x00007ffd84282000 	C:\WINDOWS\System32\IMM32.DLL
0x00007ffd1f070000 - 0x00007ffd1f10d000 	D:\AIstudy\AndroidTool\AndroidStudio\jre\bin\msvcp140.dll
0x00007ffd1ae40000 - 0x00007ffd1b925000 	D:\AIstudy\AndroidTool\AndroidStudio\jre\bin\server\jvm.dll
0x00007ffd83830000 - 0x00007ffd838de000 	C:\WINDOWS\System32\ADVAPI32.dll
0x00007ffd83520000 - 0x00007ffd835bc000 	C:\WINDOWS\System32\sechost.dll
0x00007ffd83630000 - 0x00007ffd83755000 	C:\WINDOWS\System32\RPCRT4.dll
0x00007ffd82a50000 - 0x00007ffd82a58000 	C:\WINDOWS\System32\PSAPI.DLL
0x00007ffd65370000 - 0x00007ffd65379000 	C:\WINDOWS\SYSTEM32\WSOCK32.dll
0x00007ffd7ac30000 - 0x00007ffd7ac57000 	C:\WINDOWS\SYSTEM32\WINMM.dll
0x00007ffd7b040000 - 0x00007ffd7b04a000 	C:\WINDOWS\SYSTEM32\VERSION.dll
0x00007ffd835c0000 - 0x00007ffd8362b000 	C:\WINDOWS\System32\WS2_32.dll
0x00007ffd803a0000 - 0x00007ffd803b2000 	C:\WINDOWS\SYSTEM32\kernel.appcore.dll
0x00007ffd77970000 - 0x00007ffd77981000 	D:\AIstudy\AndroidTool\AndroidStudio\jre\bin\verify.dll
0x00007ffd7f910000 - 0x00007ffd7faf4000 	C:\WINDOWS\SYSTEM32\DBGHELP.DLL
0x00007ffd7b9e0000 - 0x00007ffd7ba0c000 	C:\WINDOWS\SYSTEM32\dbgcore.DLL
0x00007ffd82190000 - 0x00007ffd82212000 	C:\WINDOWS\System32\bcryptPrimitives.dll
0x00007ffd77400000 - 0x00007ffd77429000 	D:\AIstudy\AndroidTool\AndroidStudio\jre\bin\java.dll
0x00007ffd773f0000 - 0x00007ffd773fb000 	D:\AIstudy\AndroidTool\AndroidStudio\jre\bin\jimage.dll
0x00007ffd733b0000 - 0x00007ffd733c8000 	D:\AIstudy\AndroidTool\AndroidStudio\jre\bin\zip.dll
0x00007ffd83a50000 - 0x00007ffd84193000 	C:\WINDOWS\System32\SHELL32.dll
0x00007ffd7fbf0000 - 0x00007ffd80382000 	C:\WINDOWS\SYSTEM32\windows.storage.dll
0x00007ffd824a0000 - 0x00007ffd827f4000 	C:\WINDOWS\System32\combase.dll
0x00007ffd81540000 - 0x00007ffd81570000 	C:\WINDOWS\SYSTEM32\Wldp.dll
0x00007ffd841a0000 - 0x00007ffd8424d000 	C:\WINDOWS\System32\SHCORE.dll
0x00007ffd83760000 - 0x00007ffd837b5000 	C:\WINDOWS\System32\shlwapi.dll
0x00007ffd81a90000 - 0x00007ffd81aaf000 	C:\WINDOWS\SYSTEM32\profapi.dll
0x00007ffd732f0000 - 0x00007ffd7330a000 	D:\AIstudy\AndroidTool\AndroidStudio\jre\bin\net.dll
0x00007ffd777f0000 - 0x00007ffd778fc000 	C:\WINDOWS\SYSTEM32\WINHTTP.dll
0x00007ffd81230000 - 0x00007ffd8129a000 	C:\WINDOWS\system32\mswsock.dll
0x00007ffd71710000 - 0x00007ffd71724000 	D:\AIstudy\AndroidTool\AndroidStudio\jre\bin\nio.dll
0x00007ffd54490000 - 0x00007ffd544b7000 	C:\Users\zengmz0221\.gradle\native\e1d6ef7f7dcc3fd88c89a11ec53ec762bb8ba0a96d01ffa2cd45eb1d1d8dd5c5\windows-amd64\native-platform.dll
0x00007ffd1cd50000 - 0x00007ffd1ce94000 	C:\Users\zengmz0221\.gradle\native\5664cfc778a61ccfe75a443a1ab52a65af34e5dc3c78e0209fed803814484fcb\windows-amd64\native-platform-file-events.dll
0x00007ffd773e0000 - 0x00007ffd773ea000 	D:\AIstudy\AndroidTool\AndroidStudio\jre\bin\management.dll
0x00007ffd72e70000 - 0x00007ffd72e7d000 	D:\AIstudy\AndroidTool\AndroidStudio\jre\bin\management_ext.dll
0x00007ffd814a0000 - 0x00007ffd814b8000 	C:\WINDOWS\SYSTEM32\CRYPTSP.dll
0x00007ffd80b50000 - 0x00007ffd80b84000 	C:\WINDOWS\system32\rsaenh.dll
0x00007ffd81c40000 - 0x00007ffd81c67000 	C:\WINDOWS\System32\bcrypt.dll
0x00007ffd81a50000 - 0x00007ffd81a7e000 	C:\WINDOWS\SYSTEM32\USERENV.dll
0x00007ffd81490000 - 0x00007ffd8149c000 	C:\WINDOWS\SYSTEM32\CRYPTBASE.dll
0x00007ffd80f20000 - 0x00007ffd80f5b000 	C:\WINDOWS\SYSTEM32\IPHLPAPI.DLL
0x00007ffd83820000 - 0x00007ffd83828000 	C:\WINDOWS\System32\NSI.dll
0x00007ffd7b050000 - 0x00007ffd7b067000 	C:\WINDOWS\SYSTEM32\dhcpcsvc6.DLL
0x00007ffd7b0d0000 - 0x00007ffd7b0ed000 	C:\WINDOWS\SYSTEM32\dhcpcsvc.DLL
0x00007ffd80f60000 - 0x00007ffd8102a000 	C:\WINDOWS\SYSTEM32\DNSAPI.dll

dbghelp: loaded successfully - version: 4.0.5 - missing functions: none
symbol engine: initialized successfully - sym options: 0x614 - pdb path: .;D:\AIstudy\AndroidTool\AndroidStudio\jre\bin;C:\WINDOWS\SYSTEM32;C:\WINDOWS\WinSxS\amd64_microsoft.windows.common-controls_6595b64144ccf1df_6.0.19041.1110_none_60b5254171f9507e;D:\AIstudy\AndroidTool\AndroidStudio\jre\bin\server;C:\Users\zengmz0221\.gradle\native\e1d6ef7f7dcc3fd88c89a11ec53ec762bb8ba0a96d01ffa2cd45eb1d1d8dd5c5\windows-amd64;C:\Users\zengmz0221\.gradle\native\5664cfc778a61ccfe75a443a1ab52a65af34e5dc3c78e0209fed803814484fcb\windows-amd64

VM Arguments:
jvm_args: --add-opens=java.base/java.util=ALL-UNNAMED --add-opens=java.base/java.lang=ALL-UNNAMED --add-opens=java.base/java.lang.invoke=ALL-UNNAMED --add-opens=java.base/java.util=ALL-UNNAMED --add-opens=java.prefs/java.util.prefs=ALL-UNNAMED --add-opens=java.prefs/java.util.prefs=ALL-UNNAMED --add-opens=java.base/java.nio.charset=ALL-UNNAMED --add-opens=java.base/java.net=ALL-UNNAMED --add-opens=java.base/java.util.concurrent.atomic=ALL-UNNAMED -Xmx2048m -Dfile.encoding=UTF-8 -Duser.country=CN -Duser.language=zh -Duser.variant 
java_command: org.gradle.launcher.daemon.bootstrap.GradleDaemon 7.3.3
java_class_path (initial): C:\Users\zengmz0221\.gradle\wrapper\dists\gradle-7.3.3-bin\6a41zxkdtcxs8rphpq6y0069z\gradle-7.3.3\lib\gradle-launcher-7.3.3.jar
Launcher Type: SUN_STANDARD

[Global flags]
     intx CICompilerCount                          = 12                                        {product} {ergonomic}
     uint ConcGCThreads                            = 3                                         {product} {ergonomic}
     uint G1ConcRefinementThreads                  = 13                                        {product} {ergonomic}
   size_t G1HeapRegionSize                         = 1048576                                   {product} {ergonomic}
    uintx GCDrainStackTargetSize                   = 64                                        {product} {ergonomic}
   size_t InitialHeapSize                          = 268435456                                 {product} {ergonomic}
   size_t MarkStackSize                            = 4194304                                   {product} {ergonomic}
   size_t MaxHeapSize                              = 2147483648                                {product} {command line}
   size_t MaxNewSize                               = 1287651328                                {product} {ergonomic}
   size_t MinHeapDeltaBytes                        = 1048576                                   {product} {ergonomic}
    uintx NonNMethodCodeHeapSize                   = 7594288                                {pd product} {ergonomic}
    uintx NonProfiledCodeHeapSize                  = 122031976                              {pd product} {ergonomic}
    uintx ProfiledCodeHeapSize                     = 122031976                              {pd product} {ergonomic}
    uintx ReservedCodeCacheSize                    = 251658240                              {pd product} {ergonomic}
     bool SegmentedCodeCache                       = true                                      {product} {ergonomic}
     bool UseCompressedClassPointers               = true                                 {lp64_product} {ergonomic}
     bool UseCompressedOops                        = true                                 {lp64_product} {ergonomic}
     bool UseG1GC                                  = true                                      {product} {ergonomic}
     bool UseLargePagesIndividualAllocation        = false                                  {pd product} {ergonomic}

Logging:
Log output configuration:
 #0: stdout all=warning uptime,level,tags
 #1: stderr all=off uptime,level,tags

Environment Variables:
JAVA_HOME=D:\AIstudy\Java\JDK
PATH=D:\AIstudy\Java\JDK\bin;D:\anaconda;D:\anaconda\Library\mingw-w64\bin;D:\anaconda\Library\usr\bin;D:\anaconda\Library\bin;D:\anaconda\Scripts;C:\Windows\system32;C:\Windows;C:\Windows\System32\Wbem;C:\Windows\System32\WindowsPowerShell\v1.0\;C:\Windows\System32\OpenSSH\;C:\Program Files (x86)\NVIDIA Corporation\PhysX\Common;C:\Program Files\NVIDIA Corporation\NVIDIA NvDLISR\;C:\Program Files\Microsoft SQL Server\Client SDK\ODBC\110\Tools\Binn\;C:\Program Files (x86)\Microsoft SQL Server\120\Tools\Binn\;C:\Program Files\Microsoft SQL Server\120\Tools\Binn\;C:\Program Files\Microsoft SQL Server\120\DTS\Binn\;C:\Program Files (x86)\Windows Kits\8.1\Windows Performance Toolkit\;C:\WINDOWS\system32;C:\WINDOWS;C:\WINDOWS\System32\Wbem;C:\WINDOWS\System32\WindowsPowerShell\v1.0\;C:\WINDOWS\System32\OpenSSH\;C:\Program Files\Git\cmd;D:\软件\Tools\WinNT;D:\软件\MSDev98\Bin;D:\软件\Tools;D:\AIstudy\VC++6.0\bin;%USERPROFILE%\AppData\Local\Microsoft\WindowsApps;;%PyCharm Community Edition%
USERNAME=zengmz0221
OS=Windows_NT
PROCESSOR_IDENTIFIER=Intel64 Family 6 Model 165 Stepping 2, GenuineIntel



---------------  S Y S T E M  ---------------

OS: Windows 10 , 64 bit Build 19041 (10.0.19041.2251)
OS uptime: 6 days 0:44 hours

CPU:total 16 (initial active 16) (8 cores per cpu, 2 threads per core) family 6 model 165 stepping 2 microcode 0xc8, cmov, cx8, fxsr, mmx, sse, sse2, sse3, ssse3, sse4.1, sse4.2, popcnt, avx, avx2, aes, clmul, erms, 3dnowpref, lzcnt, ht, tsc, tscinvbit, bmi1, bmi2, adx, fma

Memory: 4k page, system-wide physical 16290M (121M free)
TotalPageFile size 22434M (AvailPageFile size 11M)
current process WorkingSet (physical memory assigned to process): 287M, peak: 289M
current process commit charge ("private bytes"): 461M, peak: 463M

vm_info: OpenJDK 64-Bit Server VM (11.0.12+7-b1504.28-7817840) for windows-amd64 JRE (11.0.12+7-b1504.28-7817840), built on Oct 13 2021 22:12:33 by "builder" with MS VC++ 14.0 (VS2015)

END.
